\BOOKMARK [0][-]{dummy.2}{\376\377\000A\000b\000s\000t\000r\000a\000c\000t}{}% 1
\BOOKMARK [0][-]{chapter.5}{\376\377\0001\000\040\000I\000n\000t\000r\000o\000d\000u\000c\000t\000i\000o\000n}{}% 2
\BOOKMARK [1][-]{section.6}{\376\377\0001\000.\0001\000\040\000M\000u\000l\000t\000i\000-\000g\000r\000i\000d\000\040\000M\000e\000t\000h\000o\000d}{chapter.5}% 3
\BOOKMARK [2][-]{subsection.7}{\376\377\0001\000.\0001\000.\0001\000\040\000M\000o\000d\000e\000l\000\040\000P\000r\000o\000b\000l\000e\000m}{section.6}% 4
\BOOKMARK [3][-]{subsubsection.8}{\376\377\0001\000.\0001\000.\0001\000.\0001\000\040\000O\000n\000e\000-\000d\000i\000m\000e\000n\000s\000i\000o\000n\000a\000l\000\040\000b\000o\000u\000n\000d\000a\000r\000y\000\040\000v\000a\000l\000u\000e\000\040\000p\000r\000o\000b\000l\000e\000m\000:}{subsection.7}% 5
\BOOKMARK [3][-]{subsubsection.11}{\376\377\0001\000.\0001\000.\0001\000.\0002\000\040\000S\000o\000l\000u\000t\000i\000o\000n\000\040\000M\000e\000t\000h\000o\000d\000s}{subsection.7}% 6
\BOOKMARK [3][-]{subsubsection.12}{\376\377\0001\000.\0001\000.\0001\000.\0003\000\040\000A\000\040\000t\000w\000o\000-\000d\000i\000m\000e\000n\000s\000i\000o\000n\000a\000l\000\040\000b\000o\000u\000n\000d\000a\000r\000y\000\040\000v\000a\000l\000u\000e\000\040\000p\000r\000o\000b\000l\000e\000m}{subsection.7}% 7
\BOOKMARK [3][-]{subsubsection.13}{\376\377\0001\000.\0001\000.\0001\000.\0004\000\040\000C\000o\000m\000p\000u\000t\000a\000t\000i\000o\000n\000\040\000C\000o\000s\000t\000s}{subsection.7}% 8
\BOOKMARK [1][-]{section.14}{\376\377\0001\000.\0002\000\040\000O\000C\000C\000A\000:\000\040\000U\000n\000i\000f\000i\000e\000d\000\040\000A\000p\000p\000r\000o\000a\000c\000h\000\040\000T\000o\000\040\000M\000u\000l\000t\000i\000t\000h\000r\000e\000a\000d\000i\000n\000g\000\040\000L\000a\000n\000g\000u\000a\000g\000e\000s}{chapter.5}% 9
\BOOKMARK [2][-]{subsection.15}{\376\377\0001\000.\0002\000.\0001\000\040\000H\000i\000s\000t\000o\000r\000y}{section.14}% 10
\BOOKMARK [2][-]{subsection.16}{\376\377\0001\000.\0002\000.\0002\000\040\000O\000v\000e\000r\000v\000i\000e\000w}{section.14}% 11
\BOOKMARK [2][-]{subsection.18}{\376\377\0001\000.\0002\000.\0003\000\040\000D\000e\000v\000i\000c\000e}{section.14}% 12
\BOOKMARK [2][-]{subsection.19}{\376\377\0001\000.\0002\000.\0004\000\040\000S\000e\000t\000u\000p\000\040\000d\000e\000v\000i\000c\000e}{section.14}% 13
\BOOKMARK [2][-]{subsection.20}{\376\377\0001\000.\0002\000.\0005\000\040\000M\000e\000m\000o\000r\000y\000\040\000m\000a\000n\000a\000g\000e\000m\000e\000n\000t}{section.14}% 14
\BOOKMARK [2][-]{subsection.27}{\376\377\0001\000.\0002\000.\0006\000\040\000k\000e\000r\000n\000e\000l}{section.14}% 15
\BOOKMARK [0][-]{chapter.45}{\376\377\0002\000\040\000D\000e\000n\000s\000e\000\040\000M\000a\000t\000r\000i\000x}{}% 16
\BOOKMARK [1][-]{section.46}{\376\377\0002\000.\0001\000\040\000D\000e\000n\000s\000e\000\040\000m\000a\000t\000r\000i\000x\000\040\000-\000\040\000v\000e\000c\000t\000o\000r\000\040\000m\000u\000l\000t\000i\000p\000l\000i\000c\000a\000t\000i\000o\000n}{chapter.45}% 17
\BOOKMARK [2][-]{subsection.47}{\376\377\0002\000.\0001\000.\0001\000\040\000I\000n\000t\000r\000o\000d\000u\000c\000t\000i\000o\000n}{section.46}% 18
\BOOKMARK [2][-]{subsection.50}{\376\377\0002\000.\0001\000.\0002\000\040\000C\000+\000+\000\040\000i\000m\000p\000l\000e\000m\000e\000n\000t\000a\000t\000i\000o\000n}{section.46}% 19
\BOOKMARK [2][-]{subsection.56}{\376\377\0002\000.\0001\000.\0003\000\040\000O\000C\000C\000A\000\040\000i\000m\000p\000l\000e\000m\000e\000n\000t\000a\000t\000i\000o\000n}{section.46}% 20
\BOOKMARK [2][-]{subsection.62}{\376\377\0002\000.\0001\000.\0004\000\040\000O\000C\000C\000A\000\040\000v\000s\000\040\000C\000P\000U}{section.46}% 21
\BOOKMARK [1][-]{section.64}{\376\377\0002\000.\0002\000\040\000D\000e\000n\000s\000e\000\040\000m\000a\000t\000r\000i\000x\000-\000m\000a\000t\000r\000i\000x\000\040\000m\000u\000l\000t\000i\000p\000l\000i\000c\000a\000t\000i\000o\000n}{chapter.45}% 22
\BOOKMARK [2][-]{subsection.65}{\376\377\0002\000.\0002\000.\0001\000\040\000I\000n\000t\000r\000o\000d\000u\000c\000t\000i\000o\000n}{section.64}% 23
\BOOKMARK [2][-]{subsection.68}{\376\377\0002\000.\0002\000.\0002\000\040\000C\000+\000+\000\040\000i\000m\000p\000l\000e\000m\000e\000n\000t\000a\000t\000i\000o\000n}{section.64}% 24
\BOOKMARK [2][-]{subsection.75}{\376\377\0002\000.\0002\000.\0003\000\040\000O\000C\000C\000A\000\040\000i\000m\000p\000l\000e\000m\000e\000n\000t\000a\000t\000i\000o\000n}{section.64}% 25
\BOOKMARK [2][-]{subsection.85}{\376\377\0002\000.\0002\000.\0004\000\040\000O\000C\000C\000A\000\040\000v\000s\000\040\000C\000P\000U}{section.64}% 26
\BOOKMARK [1][-]{section.87}{\376\377\0002\000.\0003\000\040\000D\000e\000n\000s\000e\000\040\000m\000a\000t\000r\000i\000x\000\040\000-\000\040\000m\000a\000t\000r\000i\000x\000\040\000a\000d\000d\000i\000t\000i\000o\000n\000\040\000\046\000\040\000s\000u\000b\000t\000r\000a\000c\000t\000i\000o\000n}{chapter.45}% 27
\BOOKMARK [2][-]{subsection.88}{\376\377\0002\000.\0003\000.\0001\000\040\000I\000n\000t\000r\000o\000d\000u\000c\000t\000i\000o\000n}{section.87}% 28
\BOOKMARK [2][-]{subsection.91}{\376\377\0002\000.\0003\000.\0002\000\040\000C\000+\000+\000\040\000i\000m\000p\000l\000e\000m\000e\000n\000t\000a\000t\000i\000o\000n}{section.87}% 29
\BOOKMARK [2][-]{subsection.101}{\376\377\0002\000.\0003\000.\0003\000\040\000O\000C\000C\000A\000\040\000i\000m\000p\000l\000e\000m\000e\000n\000t\000a\000t\000i\000o\000n}{section.87}% 30
\BOOKMARK [2][-]{subsection.109}{\376\377\0002\000.\0003\000.\0004\000\040\000O\000C\000C\000A\000\040\000v\000s\000\040\000C\000P\000U}{section.87}% 31
\BOOKMARK [0][-]{chapter.111}{\376\377\0003\000\040\000S\000p\000a\000r\000s\000e\000\040\000M\000a\000t\000r\000i\000x}{}% 32
\BOOKMARK [1][-]{section.112}{\376\377\0003\000.\0001\000\040\000I\000n\000t\000r\000o\000d\000u\000c\000t\000i\000o\000n}{chapter.111}% 33
\BOOKMARK [2][-]{subsection.113}{\376\377\0003\000.\0001\000.\0001\000\040\000S\000t\000o\000r\000i\000n\000g}{section.112}% 34
\BOOKMARK [2][-]{subsection.114}{\376\377\0003\000.\0001\000.\0002\000\040\000S\000t\000o\000r\000i\000n\000g\000\040\000f\000o\000r\000m\000a\000t\000s}{section.112}% 35
\BOOKMARK [1][-]{section.115}{\376\377\0003\000.\0002\000\040\000C\000o\000m\000p\000r\000e\000s\000s\000e\000d\000\040\000R\000o\000w\000\040\000S\000t\000o\000r\000a\000g\000e\000\040\000\050\000C\000R\000S\000\051}{chapter.111}% 36
\BOOKMARK [1][-]{section.117}{\376\377\0003\000.\0003\000\040\000S\000p\000a\000r\000s\000e\000\040\000m\000a\000t\000r\000i\000x\000\040\000-\000\040\000v\000e\000c\000t\000o\000r\000\040\000m\000u\000l\000t\000i\000p\000l\000i\000c\000a\000t\000i\000o\000n}{chapter.111}% 37
\BOOKMARK [2][-]{subsection.118}{\376\377\0003\000.\0003\000.\0001\000\040\000I\000n\000t\000r\000o\000d\000u\000c\000t\000i\000o\000n}{section.117}% 38
\BOOKMARK [2][-]{subsection.121}{\376\377\0003\000.\0003\000.\0002\000\040\000C\000+\000+\000\040\000i\000m\000p\000l\000e\000m\000e\000n\000t\000a\000t\000i\000o\000n}{section.117}% 39
\BOOKMARK [2][-]{subsection.125}{\376\377\0003\000.\0003\000.\0003\000\040\000O\000C\000C\000A\000\040\000i\000m\000p\000l\000e\000m\000e\000n\000t\000a\000t\000i\000o\000n}{section.117}% 40
\BOOKMARK [2][-]{subsection.130}{\376\377\0003\000.\0003\000.\0004\000\040\000O\000C\000C\000A\000\040\000v\000s\000\040\000C\000P\000U}{section.117}% 41
\BOOKMARK [1][-]{section.132}{\376\377\0003\000.\0004\000\040\000S\000p\000a\000r\000s\000e\000\040\000m\000a\000t\000r\000i\000x\000\040\000m\000u\000l\000t\000i\000p\000l\000i\000c\000a\000t\000i\000o\000n}{chapter.111}% 42
\BOOKMARK [2][-]{subsection.133}{\376\377\0003\000.\0004\000.\0001\000\040\000I\000n\000t\000r\000o\000d\000u\000c\000t\000i\000o\000n}{section.132}% 43
\BOOKMARK [2][-]{subsection.136}{\376\377\0003\000.\0004\000.\0002\000\040\000C\000+\000+\000\040\000i\000m\000p\000l\000e\000m\000e\000n\000t\000a\000t\000i\000o\000n}{section.132}% 44
\BOOKMARK [2][-]{subsection.151}{\376\377\0003\000.\0004\000.\0003\000\040\000O\000C\000C\000A\000\040\000i\000m\000p\000l\000e\000m\000e\000n\000t\000a\000t\000i\000o\000n}{section.132}% 45
\BOOKMARK [2][-]{subsection.159}{\376\377\0003\000.\0004\000.\0004\000\040\000O\000C\000C\000A\000\040\000v\000s\000\040\000C\000P\000U}{section.132}% 46
\BOOKMARK [1][-]{section.161}{\376\377\0003\000.\0005\000\040\000S\000p\000a\000r\000s\000e\000\040\000m\000a\000t\000r\000i\000x\000\040\000-\000\040\000m\000a\000t\000r\000i\000x\000\040\000a\000d\000d\000i\000t\000i\000o\000n\000\040\000\046\000\040\000s\000u\000b\000t\000r\000a\000c\000t\000i\000o\000n}{chapter.111}% 47
\BOOKMARK [2][-]{subsection.162}{\376\377\0003\000.\0005\000.\0001\000\040\000I\000n\000t\000r\000o\000d\000u\000c\000t\000i\000o\000n}{section.161}% 48
\BOOKMARK [2][-]{subsection.165}{\376\377\0003\000.\0005\000.\0002\000\040\000C\000P\000U\000\040\000i\000m\000p\000l\000e\000m\000e\000n\000t\000a\000t\000i\000o\000n}{section.161}% 49
\BOOKMARK [2][-]{subsection.189}{\376\377\0003\000.\0005\000.\0003\000\040\000O\000C\000C\000A\000\040\000i\000m\000p\000l\000e\000m\000e\000n\000t\000a\000t\000i\000o\000n}{section.161}% 50
\BOOKMARK [2][-]{subsection.207}{\376\377\0003\000.\0005\000.\0004\000\040\000O\000C\000C\000A\000\040\000v\000s\000\040\000C\000P\000U}{section.161}% 51
\BOOKMARK [0][-]{chapter.209}{\376\377\0004\000\040\000D\000o\000t\000\040\000p\000r\000o\000d\000u\000c\000t}{}% 52
\BOOKMARK [1][-]{section.210}{\376\377\0004\000.\0001\000\040\000I\000n\000t\000r\000o\000d\000u\000c\000t\000i\000o\000n}{chapter.209}% 53
\BOOKMARK [1][-]{section.213}{\376\377\0004\000.\0002\000\040\000C\000P\000U\000\040\000i\000m\000p\000l\000e\000m\000e\000n\000t\000a\000t\000i\000o\000n}{chapter.209}% 54
\BOOKMARK [1][-]{section.218}{\376\377\0004\000.\0003\000\040\000O\000C\000C\000A\000\040\000i\000m\000p\000l\000e\000m\000e\000n\000t\000a\000t\000i\000o\000n\000\040\000/\000\040\000R\000e\000d\000u\000c\000t\000i\000o\000n}{chapter.209}% 55
\BOOKMARK [1][-]{section.243}{\376\377\0004\000.\0004\000\040\000G\000P\000U\000\040\000v\000s\000\040\000C\000P\000U}{chapter.209}% 56
\BOOKMARK [0][-]{chapter.244}{\376\377\0005\000\040\000G\000a\000u\000s\000s\000i\000a\000n\000\040\000e\000l\000i\000m\000i\000n\000a\000t\000i\000o\000n}{}% 57
\BOOKMARK [1][-]{section.245}{\376\377\0005\000.\0001\000\040\000I\000n\000t\000r\000o\000d\000u\000c\000t\000i\000o\000n}{chapter.244}% 58
\BOOKMARK [1][-]{section.246}{\376\377\0005\000.\0002\000\040\000C\000+\000+\000\040\000i\000m\000p\000l\000e\000m\000e\000n\000t\000a\000t\000i\000o\000n}{chapter.244}% 59
\BOOKMARK [1][-]{section.270}{\376\377\0005\000.\0003\000\040\000O\000C\000C\000A\000\040\000i\000m\000p\000l\000e\000m\000e\000n\000t\000a\000t\000i\000o\000n}{chapter.244}% 60
\BOOKMARK [1][-]{section.291}{\376\377\0005\000.\0004\000\040\000O\000C\000C\000A\000\040\000v\000s\000\040\000C\000P\000U}{chapter.244}% 61
\BOOKMARK [0][-]{chapter.293}{\376\377\0006\000\040\000J\000a\000c\000o\000b\000i\000\040\000m\000e\000t\000h\000o\000d}{}% 62
\BOOKMARK [1][-]{section.294}{\376\377\0006\000.\0001\000\040\000I\000n\000t\000r\000o\000d\000u\000c\000t\000i\000o\000n}{chapter.293}% 63
\BOOKMARK [1][-]{section.298}{\376\377\0006\000.\0002\000\040\000C\000+\000+\000\040\000i\000m\000p\000l\000e\000m\000e\000n\000t\000a\000t\000i\000o\000n}{chapter.293}% 64
\BOOKMARK [1][-]{section.314}{\376\377\0006\000.\0003\000\040\000O\000C\000C\000A\000\040\000i\000m\000p\000l\000e\000m\000e\000n\000t\000a\000t\000i\000o\000n}{chapter.293}% 65
\BOOKMARK [1][-]{section.329}{\376\377\0006\000.\0004\000\040\000O\000C\000C\000A\000\040\000v\000s\000\040\000C\000P\000U}{chapter.293}% 66
\BOOKMARK [0][-]{chapter.331}{\376\377\0007\000\040\000M\000u\000l\000t\000i\000g\000r\000i\000d\000\040\000M\000e\000t\000h\000o\000d}{}% 67
\BOOKMARK [1][-]{section.332}{\376\377\0007\000.\0001\000\040\000I\000n\000t\000r\000o\000d\000u\000c\000t\000i\000o\000n}{chapter.331}% 68
\BOOKMARK [1][-]{section.333}{\376\377\0007\000.\0002\000\040\000M\000u\000l\000t\000i\000g\000r\000i\000d\000\040\000p\000s\000e\000u\000d\000o\000-\000c\000o\000d\000e}{chapter.331}% 69
\BOOKMARK [1][-]{section.342}{\376\377\0007\000.\0003\000\040\000M\000u\000l\000t\000i\000g\000r\000i\000d\000\040\000m\000e\000h\000t\000o\000d\000\040\000D\000e\000n\000s\000e\000\040\000m\000a\000t\000r\000i\000x}{chapter.331}% 70
\BOOKMARK [2][-]{subsection.343}{\376\377\0007\000.\0003\000.\0001\000\040\000I\000n\000t\000r\000o\000d\000u\000c\000t\000i\000o\000n}{section.342}% 71
\BOOKMARK [2][-]{subsection.368}{\376\377\0007\000.\0003\000.\0002\000\040\000C\000+\000+\000\040\000i\000m\000p\000l\000e\000m\000e\000n\000t\000a\000t\000i\000o\000n}{section.342}% 72
\BOOKMARK [2][-]{subsection.413}{\376\377\0007\000.\0003\000.\0003\000\040\000O\000C\000C\000A\000\040\000i\000m\000p\000l\000e\000m\000i\000n\000t\000a\000t\000i\000o\000n}{section.342}% 73
\BOOKMARK [2][-]{subsection.451}{\376\377\0007\000.\0003\000.\0004\000\040\000O\000C\000C\000A\000\040\000v\000s\000\040\000C\000P\000U}{section.342}% 74
\BOOKMARK [2][-]{subsection.453}{\376\377\0007\000.\0003\000.\0005\000\040\000N\000u\000m\000e\000r\000i\000c\000a\000l\000\040\000a\000n\000a\000l\000y\000s\000i\000s\000\040\000o\000f\000\040\000r\000e\000s\000u\000l\000t\000s}{section.342}% 75
\BOOKMARK [1][-]{section.455}{\376\377\0007\000.\0004\000\040\000M\000u\000l\000t\000i\000g\000r\000i\000d\000\040\000m\000e\000h\000t\000o\000d\000\040\000s\000p\000a\000r\000s\000e\000\040\000m\000a\000t\000r\000i\000x}{chapter.331}% 76
\BOOKMARK [2][-]{subsection.456}{\376\377\0007\000.\0004\000.\0001\000\040\000C\000+\000+\000\040\000i\000m\000p\000l\000e\000m\000e\000n\000t\000a\000t\000i\000o\000n}{section.455}% 77
\BOOKMARK [2][-]{subsection.534}{\376\377\0007\000.\0004\000.\0002\000\040\000O\000C\000C\000A\000\040\000i\000m\000p\000l\000e\000m\000e\000n\000t\000a\000t\000i\000o\000n}{section.455}% 78
\BOOKMARK [2][-]{subsection.584}{\376\377\0007\000.\0004\000.\0003\000\040\000O\000C\000C\000A\000\040\000v\000s\000\040\000C\000P\000U}{section.455}% 79
\BOOKMARK [2][-]{subsection.586}{\376\377\0007\000.\0004\000.\0004\000\040\000N\000u\000m\000e\000r\000i\000c\000a\000l\000\040\000a\000n\000a\000l\000y\000s\000i\000s\000\040\000o\000f\000\040\000r\000e\000s\000u\000l\000t\000s}{section.455}% 80
\BOOKMARK [0][-]{chapter*.588}{\376\377\000C\000o\000n\000c\000l\000u\000s\000i\000o\000n}{}% 81
\BOOKMARK [0][-]{dummy.589}{\376\377\000B\000i\000b\000l\000i\000o\000g\000r\000a\000p\000h\000y}{}% 82
